;  LST file generated by mikroListExporter - v.2.0 
; Date/Time: 19/10/2013 19:43:58
;----------------------------------------------

;Address Opcode 	ASM
0x0000	0xD7FF      	BRA         0
; end of __Lib_USB_genHID_USB_EP0_Send_ROM
; end of __Lib_USB_genHID_USB_Configure_Endpoint
; end of __Lib_USB_genHID_USB_EP0_Send_RAM
; end of __Lib_USB_genHID_USB_EP0_Transmit_Options
; end of __Lib_USB_genHID_USB_Transfer_Packet
; end of __Lib_USB_genHID_USB_Check_HID_Request
; end of __Lib_USB_genHID_USB_Enable_Endpoint
; end of __Lib_USB_genHID_USB_CB_Init_EP
; end of __Lib_USB_genHID_USB_CB_Check_Other_Req
; end of _Mul_16x16_U
; end of __Lib_USB_genHID_memset_usb
; end of __Lib_USB_genHID_USB_CB_Handler
; end of __Lib_USB_genHID_USB_CtrlTrf_Tx_Service
; end of __Lib_USB_genHID_USB_Set_Cfg_Handler
; end of __Lib_USB_genHID_USB_Get_Dsc_Handler
; end of __Lib_USB_genHID_USB_Std_Feature_Req_Handler
; end of __Lib_USB_genHID_USB_Get_Status_Handler
; end of __Lib_USB_genHID_USB_Check_Std_Request
; end of __Lib_USB_genHID_USB_Prepare_Next_Setup_Trf
; end of __Lib_USB_genHID_USB_CtrlEP_Service_Complete
; end of __Lib_USB_genHID_USB_CtrlTrf_Rx_Service
; end of __Lib_USB_genHID_USB_Handle_Busy
; end of __Lib_USB_genHID_USB_CtrlTrf_In_Handler
; end of __Lib_USB_genHID_USB_CtrlTrf_Out_Handler
; end of __Lib_USB_genHID_USB_Enable_Interrupts
; end of __Lib_USB_genHID_USB_CtrlTrf_Setup_Handler
; end of _USB_Init_Desc
; end of __Lib_USB_genHID_USB_Configure
; end of __Lib_USB_genHID_GetMaxIndexInConfigDsc
; end of __Lib_USB_genHID_USB_Transfer_Packet_Int
; end of __Lib_USB_genHID_memset_usb_int
; end of __Lib_USB_genHID_GetMaxIndexInDevDsc
; end of __Lib_USB_genHID_USB_Device_Init_Int
; end of __Lib_USB_genHID_USB_Attach_Device
; end of __Lib_USB_genHID_GetMaxStrignDscIndex
; end of __Lib_USB_genHID_USB_Wake_From_Suspend
; end of __Lib_USB_genHID_USB_Ctrl_EPService
; end of __Lib_USB_genHID_USB_Stall_Handler
; end of _Gen_Read
; end of _Gen_Write
; end of __Lib_USB_genHID_USB_Clear_Interrupt
; end of __Lib_USB_genHID_USB_Device_Init
; end of __Lib_USB_genHID_USB_Suspend
; end of _HID_Read
; end of _HID_Enable
; end of _HID_Write
; end of _USB_Polling_Proc
; end of _main
;USBdsc.c,49 :: _configDescriptor1
0x1828	0x0209 ;_configDescriptor1+0
0x182A	0x0029 ;_configDescriptor1+2
0x182C	0x0101 ;_configDescriptor1+4
0x182E	0x8000 ;_configDescriptor1+6
0x1830	0x0932 ;_configDescriptor1+8
0x1832	0x0004 ;_configDescriptor1+10
0x1834	0x0200 ;_configDescriptor1+12
0x1836	0x0003 ;_configDescriptor1+14
0x1838	0x0000 ;_configDescriptor1+16
0x183A	0x2109 ;_configDescriptor1+18
0x183C	0x0101 ;_configDescriptor1+20
0x183E	0x0100 ;_configDescriptor1+22
0x1840	0x2122 ;_configDescriptor1+24
0x1842	0x0700 ;_configDescriptor1+26
0x1844	0x8105 ;_configDescriptor1+28
0x1846	0x4003 ;_configDescriptor1+30
0x1848	0x0100 ;_configDescriptor1+32
0x184A	0x0507 ;_configDescriptor1+34
0x184C	0x0301 ;_configDescriptor1+36
0x184E	0x0040 ;_configDescriptor1+38
0x1850	0x01 ;_configDescriptor1+40
; end of _configDescriptor1
;USBdsc.c,99 :: _hid_rpt_desc
0x1851	0x0006 ;_hid_rpt_desc+0
0x1853	0x09FF ;_hid_rpt_desc+2
0x1855	0xA101 ;_hid_rpt_desc+4
0x1857	0x1901 ;_hid_rpt_desc+6
0x1859	0x2901 ;_hid_rpt_desc+8
0x185B	0x1540 ;_hid_rpt_desc+10
0x185D	0x2600 ;_hid_rpt_desc+12
0x185F	0x00FF ;_hid_rpt_desc+14
0x1861	0x0875 ;_hid_rpt_desc+16
0x1863	0x4095 ;_hid_rpt_desc+18
0x1865	0x0281 ;_hid_rpt_desc+20
0x1867	0x0119 ;_hid_rpt_desc+22
0x1869	0x4029 ;_hid_rpt_desc+24
0x186B	0x0875 ;_hid_rpt_desc+26
0x186D	0x4095 ;_hid_rpt_desc+28
0x186F	0x0291 ;_hid_rpt_desc+30
0x1871	0xC0 ;_hid_rpt_desc+32
; end of _hid_rpt_desc
;USBdsc.c,138 :: _strd2
0x1872	0x0316 ;_strd2+0
0x1874	0x0046 ;_strd2+2
0x1876	0x006F ;_strd2+4
0x1878	0x0075 ;_strd2+6
0x187A	0x0072 ;_strd2+8
0x187C	0x004F ;_strd2+10
0x187E	0x006E ;_strd2+12
0x1880	0x0065 ;_strd2+14
0x1882	0x004F ;_strd2+16
0x1884	0x006E ;_strd2+18
0x1886	0x0065 ;_strd2+20
; end of _strd2
;USBdsc.c,31 :: _device_dsc
0x1888	0x0112 ;_device_dsc+0
0x188A	0x0200 ;_device_dsc+2
0x188C	0x0000 ;_device_dsc+4
0x188E	0x0800 ;_device_dsc+6
0x1890	0x4111 ;_device_dsc+8
0x1892	0x3913 ;_device_dsc+10
0x1894	0x0001 ;_device_dsc+12
0x1896	0x0201 ;_device_dsc+14
0x1898	0x0100 ;_device_dsc+16
; end of _device_dsc
;USBdsc.c,149 :: _strd3
0x189A	0x030C ;_strd3+0
0x189C	0x0044 ;_strd3+2
0x189E	0x006F ;_strd3+4
0x18A0	0x007A ;_strd3+6
0x18A2	0x0065 ;_strd3+8
0x18A4	0x0072 ;_strd3+10
; end of _strd3
;USBdsc.c,126 :: _strd1
0x18A6	0x0304 ;_strd1+0
0x18A8	0x0409 ;_strd1+2
; end of _strd1
Symbol List:
//** Routines locations **
//ADDRESS    SIZE    PROCEDURE
//----------------------------------------------
0x001C      [34]    __Lib_USB_genHID_USB_EP0_Send_ROM
0x003E     [248]    __Lib_USB_genHID_USB_Configure_Endpoint
0x0136      [32]    __Lib_USB_genHID_USB_EP0_Send_RAM
0x0156      [14]    __Lib_USB_genHID_USB_EP0_Transmit_Options
0x0164     [288]    __Lib_USB_genHID_USB_Transfer_Packet
0x0284     [296]    __Lib_USB_genHID_USB_Check_HID_Request
0x03AC      [50]    __Lib_USB_genHID_USB_Enable_Endpoint
0x03DE      [88]    __Lib_USB_genHID_USB_CB_Init_EP
0x0436       [8]    __Lib_USB_genHID_USB_CB_Check_Other_Req
0x043E      [80]    _Mul_16x16_U
0x048E      [52]    __Lib_USB_genHID_memset_usb
0x04C2     [132]    __Lib_USB_genHID_USB_CB_Handler
0x0546     [314]    __Lib_USB_genHID_USB_CtrlTrf_Tx_Service
0x0680      [92]    __Lib_USB_genHID_USB_Set_Cfg_Handler
0x06DC     [238]    __Lib_USB_genHID_USB_Get_Dsc_Handler
0x07CA     [326]    __Lib_USB_genHID_USB_Std_Feature_Req_Handler
0x0910     [202]    __Lib_USB_genHID_USB_Get_Status_Handler
0x09DA     [230]    __Lib_USB_genHID_USB_Check_Std_Request
0x0AC0      [34]    __Lib_USB_genHID_USB_Prepare_Next_Setup_Trf
0x0AE2     [404]    __Lib_USB_genHID_USB_CtrlEP_Service_Complete
0x0C76     [270]    __Lib_USB_genHID_USB_CtrlTrf_Rx_Service
0x0D84      [42]    __Lib_USB_genHID_USB_Handle_Busy
0x0DAE     [148]    __Lib_USB_genHID_USB_CtrlTrf_In_Handler
0x0E42      [72]    __Lib_USB_genHID_USB_CtrlTrf_Out_Handler
0x0E8A      [10]    __Lib_USB_genHID_USB_Enable_Interrupts
0x0E94      [64]    __Lib_USB_genHID_USB_CtrlTrf_Setup_Handler
0x0ED4      [50]    _USB_Init_Desc
0x0F06      [14]    __Lib_USB_genHID_USB_Configure
0x0F14     [350]    __Lib_USB_genHID_GetMaxIndexInConfigDsc
0x1072     [288]    __Lib_USB_genHID_USB_Transfer_Packet_Int
0x1192      [52]    __Lib_USB_genHID_memset_usb_int
0x11C6     [190]    __Lib_USB_genHID_GetMaxIndexInDevDsc
0x1284     [134]    __Lib_USB_genHID_USB_Device_Init_Int
0x130A      [28]    __Lib_USB_genHID_USB_Attach_Device
0x1326      [44]    __Lib_USB_genHID_GetMaxStrignDscIndex
0x1352      [38]    __Lib_USB_genHID_USB_Wake_From_Suspend
0x1378     [266]    __Lib_USB_genHID_USB_Ctrl_EPService
0x1482      [60]    __Lib_USB_genHID_USB_Stall_Handler
0x14BE      [88]    _Gen_Read
0x1516     [120]    _Gen_Write
0x158E       [4]    __Lib_USB_genHID_USB_Clear_Interrupt
0x1592     [136]    __Lib_USB_genHID_USB_Device_Init
0x161A      [32]    __Lib_USB_genHID_USB_Suspend
0x163A      [20]    _HID_Read
0x164E      [42]    _HID_Enable
0x1678      [20]    _HID_Write
0x168C     [306]    _USB_Polling_Proc
0x17BE     [106]    _main
//** Variables locations ** 
//ADDRESS    SIZE    VARIABLE
//----------------------------------------------
0x0000       [1]    R0
0x0001       [1]    R1
0x0002       [2]    __Lib_USB_genHID_memset_usb_int_pp_L0
0x0002       [1]    R2
0x0002       [1]    __Lib_USB_genHID_USB_CtrlTrf_Rx_Service_byteToRead_L0
0x0002       [2]    __Lib_USB_genHID_memset_usb_pp_L0
0x0003       [2]    __Lib_USB_genHID_USB_CtrlTrf_Tx_Service_byteToSend_L0
0x0003       [1]    __Lib_USB_genHID_USB_CtrlTrf_Rx_Service_i_L0
0x0003       [1]    R3
0x0004       [1]    R4
0x0004       [2]    __Lib_USB_genHID_USB_Transfer_Packet_handle_L0
0x0004       [2]    __Lib_USB_genHID_USB_Std_Feature_Req_Handler_p_L0
0x0004       [2]    __Lib_USB_genHID_USB_Transfer_Packet_Int_handle_L0
0x0004       [1]    __Lib_USB_genHID_GetMaxIndexInDevDsc_index_L0
0x0004       [2]    __Lib_USB_genHID_USB_Get_Status_Handler_p_L2
0x0005       [1]    R5
0x0005       [2]    __Lib_USB_genHID_USB_Configure_Endpoint_handle_L0
0x0006       [2]    __Lib_USB_genHID_GetMaxIndexInConfigDsc_totalLen_L0
0x0006       [1]    R6
0x0007       [1]    R7
0x0008       [3]    __Lib_USB_genHID_GetMaxIndexInConfigDsc_ptr_L0
0x0008       [1]    R8
0x0009       [1]    R9
0x000A       [1]    R10
0x000B       [1]    R11
0x000C       [1]    R12
0x000D       [1]    R13
0x000E       [1]    R14
0x000F       [1]    R15
0x0010       [1]    R16
0x0011       [1]    R17
0x0012       [1]    R18
0x0013       [1]    R19
0x0014       [1]    R20
0x0015       [1]    __Lib_USB_genHID_idle_rate
0x0016       [1]    __Lib_USB_genHID_USBActiveConfiguration
0x0017       [1]    __Lib_USB_genHID__Is_HID
0x0018       [1]    __Lib_USB_genHID_controlTransferState
0x0019       [9]    __Lib_USB_genHID_outPipes
0x0022       [1]    __Lib_USB_genHID_active_protocol
0x0023       [4]    __Lib_USB_genHID_BDTEntry_InPtr
0x0027       [9]    _USB_string_dsc_ptr
0x0030       [3]    _USB_config_dsc_ptr
0x0033       [1]    _cnt
0x0034       [4]    __Lib_USB_genHID_BDTEntry_OutPtr
0x0038       [1]    __Lib_USB_genHID_RemoteWakeup
0x0039       [6]    __Lib_USB_genHID_inPipes
0x003F       [2]    __Lib_USB_genHID_BDTEntry_EP0Out_NextPtr
0x0041       [1]    __Lib_USB_genHID_USTATcopy
0x0042       [2]    __Lib_USB_genHID_pDst
0x0044       [1]    __Lib_USB_genHID_shortPacketStatus
0x0045       [1]    __Lib_USB_genHID_USBAlternateInterface
0x0046       [2]    __Lib_USB_genHID_USB_Write_Buffer
0x0048       [1]    __Lib_USB_genHID_maxDescriptorIndex
0x0049       [2]    __Lib_USB_genHID_USB_Read_Buffer
0x004B       [1]    __Lib_USB_genHID_USBDeviceState
0x004C       [2]    __Lib_USB_genHID_BDTEntry_EP0Out_CurrentPtr
0x004E       [1]    __Lib_USB_genHID_BothEP0OutUOWNsSet
0x004F       [4]    __Lib_USB_genHID__USB_Stop_Waiting
0x0053       [2]    __Lib_USB_genHID_USB_In_Handle
0x0055       [2]    __Lib_USB_genHID_USB_Out_Handle
0x0057       [1]    _kk
0x0058       [2]    FARG_HID_Enable_readbuff
0x0058       [1]    USB_Polling_Proc_i_L0
0x0058       [2]    FARG_HID_Write_writebuff
0x005A       [1]    FARG_HID_Write_len
0x005A       [2]    FARG_HID_Enable_writebuff
0x005C       [1]    __Lib_USB_genHID_USB_Device_Init_Int_i_L0
0x005C       [2]    FARG_Gen_Read_readbuff
0x005C       [1]    __Lib_USB_genHID_GetMaxStrignDscIndex_dev_L0
0x005C       [1]    __Lib_USB_genHID_USB_Device_Init_i_L0
0x005C       [1]    __Lib_USB_genHID_USB_Ctrl_EPService_setup_cnt_L3
0x005C       [2]    FARG_Gen_Write_writebuff
0x005D       [1]    __Lib_USB_genHID_GetMaxStrignDscIndex_cfg_L0
0x005E       [1]    FARG_Gen_Write_length
0x005E       [1]    FARG_Gen_Read_length
0x005F       [1]    FARG_Gen_Write_ep
0x005F       [1]    FARG_Gen_Read_ep
0x0060       [1]    Gen_Read_read_bytes_L0
0x0061       [1]    __Lib_USB_genHID_USB_CtrlTrf_In_Handler_lastDTS_L0
0x0061       [3]    FARG___Lib_USB_genHID_GetMaxIndexInConfigDsc_cfgDsc
0x0061       [1]    FARG___Lib_USB_genHID_USB_Transfer_Packet_Int_ep
0x0061       [2]    FARG___Lib_USB_genHID_USB_Handle_Busy_handle
0x0061       [2]    FARG___Lib_USB_genHID_memset_usb_int_p1
0x0062       [1]    FARG___Lib_USB_genHID_USB_Transfer_Packet_Int_dir
0x0063       [1]    FARG___Lib_USB_genHID_memset_usb_int_mem_value
0x0063       [2]    FARG___Lib_USB_genHID_USB_Transfer_Packet_Int_data_
0x0064       [2]    FARG___Lib_USB_genHID_memset_usb_int_n
0x0064       [1]    __Lib_USB_genHID_GetMaxIndexInConfigDsc_index_L0
0x0065       [1]    FARG___Lib_USB_genHID_USB_Transfer_Packet_Int_len
0x0065       [2]    __Lib_USB_genHID_GetMaxIndexInConfigDsc_i_L0
0x0067       [2]    FARG___Lib_USB_genHID_memset_usb_p1
0x0067       [2]    FARG___Lib_USB_genHID_USB_CB_Handler_event
0x0069       [1]    FARG___Lib_USB_genHID_memset_usb_mem_value
0x0069       [2]    FARG___Lib_USB_genHID_USB_CB_Handler_pdata
0x006A       [2]    FARG___Lib_USB_genHID_memset_usb_n
0x006B       [2]    FARG___Lib_USB_genHID_USB_CB_Handler_size
0x006D       [1]    FARG___Lib_USB_genHID_USB_Transfer_Packet_ep
0x006D       [1]    FARG___Lib_USB_genHID_USB_Enable_Endpoint_ep
0x006E       [1]    FARG___Lib_USB_genHID_USB_Transfer_Packet_dir
0x006E       [1]    FARG___Lib_USB_genHID_USB_Enable_Endpoint_options
0x006F       [2]    FARG___Lib_USB_genHID_USB_Transfer_Packet_data_
0x0071       [1]    FARG___Lib_USB_genHID_USB_Transfer_Packet_len
0x0072       [3]    FARG___Lib_USB_genHID_USB_EP0_Send_ROM_src
0x0072       [1]    FARG___Lib_USB_genHID_USB_EP0_Transmit_Options_options
0x0072       [1]    FARG___Lib_USB_genHID_USB_Configure_Endpoint_EPNum
0x0072       [2]    FARG___Lib_USB_genHID_USB_EP0_Send_RAM_src
0x0073       [1]    FARG___Lib_USB_genHID_USB_Configure_Endpoint_direction
0x0074       [2]    FARG___Lib_USB_genHID_USB_EP0_Send_RAM_size
0x0075       [2]    FARG___Lib_USB_genHID_USB_EP0_Send_ROM_size
0x0076       [1]    FARG___Lib_USB_genHID_USB_EP0_Send_RAM_options
0x0077       [1]    FARG___Lib_USB_genHID_USB_EP0_Send_ROM_options
0x0400      [32]    __Lib_USB_genHID_BDT
0x0420       [8]    __Lib_USB_genHID_SetupPkt
0x0428       [8]    __Lib_USB_genHID_CtrlTrfData
0x0500      [64]    _readbuff
0x0540      [64]    _writebuff
0x0F68       [0]    STALLIF_bit
0x0F68       [0]    IDLEIF_bit
0x0F68       [1]    UIR
0x0F68       [0]    SOFIF_bit
0x0F68       [0]    UERRIF_bit
0x0F68       [0]    URSTIF_bit
0x0F68       [0]    TRNIF_bit
0x0F68       [0]    ACTVIF_bit
0x0F69       [0]    IDLEIE_bit
0x0F69       [0]    TRNIE_bit
0x0F69       [0]    SOFIE_bit
0x0F69       [0]    STALLIE_bit
0x0F69       [0]    URSTIE_bit
0x0F69       [1]    UIE
0x0F69       [0]    ACTVIE_bit
0x0F69       [0]    UERRIE_bit
0x0F6A       [1]    UEIR
0x0F6B       [1]    UEIE
0x0F6C       [1]    USTAT
0x0F6D       [1]    UCON
0x0F6D       [0]    SE0_bit
0x0F6D       [0]    PPBRST_bit
0x0F6D       [0]    PKTDIS_bit
0x0F6D       [0]    USBEN_bit
0x0F6D       [0]    SUSPND_bit
0x0F6E       [1]    UADDR
0x0F6F       [1]    UCFG
0x0F70       [1]    UEP0
0x0F70       [0]    EPSTALL_bit
0x0F71       [1]    UEP1
0x0FA0       [0]    USBIE_bit
0x0FA1       [0]    USBIF_bit
0x0FA2       [0]    USBIP_bit
0x0FB4       [1]    CMCON
0x0FC1       [1]    ADCON1
0x0FD0       [0]    IPEN_bit
0x0FD8       [1]    STATUS
0x0FD9       [1]    FSR2L
0x0FDA       [1]    FSR2H
0x0FDE       [1]    POSTINC2
0x0FE0       [1]    BSR
0x0FE1       [1]    FSR1L
0x0FE2       [1]    FSR1H
0x0FE4       [1]    PREINC1
0x0FE6       [1]    POSTINC1
0x0FE7       [1]    INDF1
0x0FE8       [1]    WREG
0x0FE9       [1]    FSR0L
0x0FEA       [1]    FSR0H
0x0FEE       [1]    POSTINC0
0x0FF2       [0]    GIEH_bit
0x0FF3       [1]    PRODL
0x0FF4       [1]    PRODH
0x0FF5       [1]    TABLAT
0x0FF6       [1]    TBLPTRL
0x0FF7       [1]    TBLPTRH
0x0FF8       [1]    TBLPTRU
//** Constants locations ** 
//ADDRESS    SIZE    CONSTANT
//----------------------------------------------
0x1828      [41]    _configDescriptor1
0x1851      [33]    _hid_rpt_desc
0x1872      [22]    _strd2
0x1888      [18]    _device_dsc
0x189A      [12]    _strd3
0x18A6       [4]    _strd1
//** Label List: ** 
//----------------------------------------------
  L_main0
  L_main1
  L_main2
  L_main3
  L_main4
  L_main5
  L_end_main
  _main
  L_end_USB_Init_Desc
  _USB_Init_Desc
  L_Div_16x16_S0
  L_Div_16x16_S1
  LOOPS3232A
  SADD22LA
  SOK22LA
  SADD22L8
  SOK22L8
  LOOPS3232B
  SADD22LB
  SOK22LB
  SADD22L16
  SOK22L16
  LOOPS3232C
  SADD22LC
  SOK22LC
  SADD22L24
  SOK22L24
  LOOPS3232D
  SADD22LD
  SOK22LD
  SOK22L
  L_Div_32x32_S6
  L_Div_32x32_S7
  L_Div_32x32_S8
  L_Div_32x32_S9
  FXD3232S
  END_ALL
  CA3232S
  C3232SX
  C3232SX1
  C3232S
  C3232S2
  C3232SX4
  C3232SOK
  C3232SX3
  C3232SX2
  avoid_comfrem
  LOOPU3232A
  UADD22LA
  UOK22LA
  UADD22L8
  UOK22L8
  LOOPU3232B
  UADD22LB
  UOK22LB
  UADD22L16
  UOK22L16
  LOOPU3232C
  UADD22LC
  UOK22LC
  UADD22L24
  UOK22L24
  LOOPU3232D
  UADD22LD
  UOK22LD
  UOK22L
  _NEXT
  _EXIT2
  _LOOP
  _EXIT1
  _IF_FIRST
  _IF_SECOND
  _INVERCE_FIRST
  _MULT
  _INBERSE_SECOND
  _EXIT
  L_end_Div_8x8_U
  _Div_8x8_U
  L_end_Div_16x16_U
  _Div_16x16_U
  L_end_Div_16x16_S_L
  _Div_16x16_S_L
  L_end_Div_16x16_S
  _Div_16x16_S
  L_end_Div_8x8_S
  _Div_8x8_S
  L_end_Mul_8x8_S
  _Mul_8x8_S
  L_end_Mul_16x16_U
  _Mul_16x16_U
  L_end_Mul_16x16_S
  _Mul_16x16_S
  L_end_SDIV3232L
  _SDIV3232L
  L_end_COMFREM
  _COMFREM
  L_end_Div_32x32_S
  _Div_32x32_S
  L_end_Div_32x32_U
  _Div_32x32_U
  L_end_Mul_32x32_U
  _Mul_32x32_U
  L_end_Mul_32x32_S
  _Mul_32x32_S
  L___Lib_USB_genHID_memset_usb0
  L___Lib_USB_genHID_memset_usb1
  L___Lib_USB_genHID_memset_usb_int2
  L___Lib_USB_genHID_memset_usb_int3
  L___Lib_USB_genHID_USB_Handle_Busy4
  L___Lib_USB_genHID_USB_Handle_Busy5
  L___Lib_USB_genHID_USB_Device_Init6
  L___Lib_USB_genHID_USB_Device_Init7
  L___Lib_USB_genHID_USB_Device_Init8
  L___Lib_USB_genHID_USB_Device_Init9
  L___Lib_USB_genHID_USB_Device_Init10
  L___Lib_USB_genHID_USB_Device_Init_Int11
  L___Lib_USB_genHID_USB_Device_Init_Int12
  L___Lib_USB_genHID_USB_Device_Init_Int13
  L___Lib_USB_genHID_USB_Device_Init_Int14
  L___Lib_USB_genHID_USB_Device_Init_Int15
  L_USB_Polling_Proc16
  L_USB_Polling_Proc17
  L_USB_Polling_Proc18
  L_USB_Polling_Proc19
  L_USB_Polling_Proc20
  L_USB_Polling_Proc21
  L_USB_Polling_Proc22
  L_USB_Polling_Proc23
  L_USB_Polling_Proc24
  L_USB_Polling_Proc25
  L_USB_Polling_Proc26
  L_USB_Polling_Proc27
  L_USB_Polling_Proc28
  L_USB_Polling_Proc29
  L_USB_Polling_Proc30
  L_USB_Polling_Proc31
  L_USB_Polling_Proc32
  L_USB_Polling_Proc33
  L_USB_Polling_Proc34
  L_USB_Polling_Proc35
  L_USB_Polling_Proc36
  L_USB_Polling_Proc37
  L_USB_Polling_Proc38
  L_USB_Polling_Proc39
  L_USB_Polling_Proc40
  L_USB_Polling_Proc41
  L_USB_Polling_Proc42
  L_USB_Polling_Proc43
  L_USB_Polling_Proc44
  L_USB_Polling_Proc45
  L_USB_Polling_Proc46
  L_USB_Polling_Proc47
  L_USB_Polling_Proc48
  L_USB_Polling_Proc49
  L_USB_Interrupt_Proc50
  L_USB_Interrupt_Proc51
  L_USB_Interrupt_Proc52
  L_USB_Interrupt_Proc53
  L_USB_Interrupt_Proc54
  L_USB_Interrupt_Proc55
  L_USB_Interrupt_Proc56
  L_USB_Interrupt_Proc57
  L_USB_Interrupt_Proc58
  L_USB_Interrupt_Proc59
  L_USB_Interrupt_Proc60
  L_USB_Interrupt_Proc61
  L_USB_Interrupt_Proc62
  L_USB_Interrupt_Proc63
  L_USB_Interrupt_Proc64
  L_USB_Interrupt_Proc65
  L_USB_Interrupt_Proc66
  L_USB_Interrupt_Proc67
  L_USB_Interrupt_Proc68
  L_USB_Interrupt_Proc69
  L_USB_Interrupt_Proc70
  L_USB_Interrupt_Proc71
  L_USB_Interrupt_Proc72
  L_USB_Interrupt_Proc73
  L_USB_Interrupt_Proc74
  L_USB_Interrupt_Proc75
  L_USB_Interrupt_Proc76
  L_USB_Interrupt_Proc77
  L_USB_Interrupt_Proc78
  L_USB_Interrupt_Proc79
  L___Lib_USB_genHID_USB_Stall_Handler80
  L___Lib_USB_genHID_USB_Stall_Handler81
  L___Lib_USB_genHID_USB_Stall_Handler82
  L___Lib_USB_genHID_USB_Stall_Handler83
  L___Lib_USB_genHID_USB_Wake_From_Suspend84
  L___Lib_USB_genHID_USB_Wake_From_Suspend85
  L___Lib_USB_genHID_USB_Ctrl_EPService86
  L___Lib_USB_genHID_USB_Ctrl_EPService87
  L___Lib_USB_genHID_USB_Ctrl_EPService88
  L___Lib_USB_genHID_USB_Ctrl_EPService89
  L___Lib_USB_genHID_USB_Ctrl_EPService90
  L___Lib_USB_genHID_USB_Ctrl_EPService91
  L___Lib_USB_genHID_USB_Ctrl_EPService92
  L___Lib_USB_genHID_USB_Ctrl_EPService93
  L___Lib_USB_genHID_USB_Ctrl_EPService94
  L___Lib_USB_genHID_USB_CtrlTrf_Setup_Handler95
  L___Lib_USB_genHID_USB_CtrlTrf_Out_Handler96
  L___Lib_USB_genHID_USB_CtrlTrf_Out_Handler97
  L___Lib_USB_genHID_USB_CtrlTrf_Out_Handler98
  L___Lib_USB_genHID_USB_CtrlTrf_Out_Handler99
  L___Lib_USB_genHID_USB_CtrlTrf_In_Handler100
  L___Lib_USB_genHID_USB_CtrlTrf_In_Handler101
  L___Lib_USB_genHID_USB_CtrlTrf_In_Handler102
  L___Lib_USB_genHID_USB_CtrlTrf_In_Handler103
  L___Lib_USB_genHID_USB_CtrlTrf_In_Handler104
  L___Lib_USB_genHID_USB_CtrlTrf_In_Handler105
  L___Lib_USB_genHID_USB_CtrlTrf_In_Handler106
  L___Lib_USB_genHID_USB_CtrlTrf_In_Handler107
  L___Lib_USB_genHID_USB_CtrlTrf_In_Handler108
  L___Lib_USB_genHID_USB_Prepare_Next_Setup_Trf109
  L___Lib_USB_genHID_USB_Check_Std_Request110
  L___Lib_USB_genHID_USB_Check_Std_Request111
  L___Lib_USB_genHID_USB_Check_Std_Request112
  L___Lib_USB_genHID_USB_Check_Std_Request113
  L___Lib_USB_genHID_USB_Check_Std_Request114
  L___Lib_USB_genHID_USB_Check_Std_Request115
  L___Lib_USB_genHID_USB_Check_Std_Request116
  L___Lib_USB_genHID_USB_Check_Std_Request117
  L___Lib_USB_genHID_USB_Check_Std_Request118
  L___Lib_USB_genHID_USB_Check_Std_Request119
  L___Lib_USB_genHID_USB_Check_Std_Request120
  L___Lib_USB_genHID_USB_Check_Std_Request121
  L___Lib_USB_genHID_USB_Check_Std_Request122
  L___Lib_USB_genHID_USB_Check_Std_Request123
  L___Lib_USB_genHID_USB_Check_Std_Request124
  L___Lib_USB_genHID_USB_Std_Feature_Req_Handler125
  L___Lib_USB_genHID_USB_Std_Feature_Req_Handler126
  L___Lib_USB_genHID_USB_Std_Feature_Req_Handler127
  L___Lib_USB_genHID_USB_Std_Feature_Req_Handler128
  L___Lib_USB_genHID_USB_Std_Feature_Req_Handler129
  L___Lib_USB_genHID_USB_Std_Feature_Req_Handler130
  L___Lib_USB_genHID_USB_Std_Feature_Req_Handler131
  L___Lib_USB_genHID_USB_Std_Feature_Req_Handler132
  L___Lib_USB_genHID_USB_Std_Feature_Req_Handler133
  L___Lib_USB_genHID_USB_Std_Feature_Req_Handler134
  L___Lib_USB_genHID_USB_Std_Feature_Req_Handler135
  L___Lib_USB_genHID_USB_Std_Feature_Req_Handler136
  L___Lib_USB_genHID_USB_Std_Feature_Req_Handler137
  L___Lib_USB_genHID_USB_Std_Feature_Req_Handler138
  L___Lib_USB_genHID_USB_Get_Dsc_Handler139
  L___Lib_USB_genHID_USB_Get_Dsc_Handler140
  L___Lib_USB_genHID_USB_Get_Dsc_Handler141
  L___Lib_USB_genHID_USB_Get_Dsc_Handler142
  L___Lib_USB_genHID_USB_Get_Dsc_Handler143
  L___Lib_USB_genHID_USB_Get_Dsc_Handler144
  L___Lib_USB_genHID_USB_Get_Dsc_Handler145
  L___Lib_USB_genHID_USB_Get_Dsc_Handler146
  L___Lib_USB_genHID_USB_Get_Dsc_Handler147
  L___Lib_USB_genHID_USB_Get_Status_Handler148
  L___Lib_USB_genHID_USB_Get_Status_Handler149
  L___Lib_USB_genHID_USB_Get_Status_Handler150
  L___Lib_USB_genHID_USB_Get_Status_Handler151
  L___Lib_USB_genHID_USB_Get_Status_Handler152
  L___Lib_USB_genHID_USB_Get_Status_Handler153
  L___Lib_USB_genHID_USB_Get_Status_Handler154
  L___Lib_USB_genHID_USB_Get_Status_Handler155
  L___Lib_USB_genHID_USB_Get_Status_Handler156
  L___Lib_USB_genHID_USB_Get_Status_Handler157
  L___Lib_USB_genHID_USB_Get_Status_Handler158
  L___Lib_USB_genHID_USB_CtrlEP_Service_Complete159
  L___Lib_USB_genHID_USB_CtrlEP_Service_Complete160
  L___Lib_USB_genHID_USB_CtrlEP_Service_Complete161
  L___Lib_USB_genHID_USB_CtrlEP_Service_Complete162
  L___Lib_USB_genHID_USB_CtrlEP_Service_Complete163
  L___Lib_USB_genHID_USB_CtrlEP_Service_Complete164
  L___Lib_USB_genHID_USB_CtrlEP_Service_Complete165
  L___Lib_USB_genHID_USB_CtrlEP_Service_Complete166
  L___Lib_USB_genHID_USB_CtrlTrf_Tx_Service167
  L___Lib_USB_genHID_USB_CtrlTrf_Tx_Service168
  L___Lib_USB_genHID_USB_CtrlTrf_Tx_Service169
  L___Lib_USB_genHID_USB_CtrlTrf_Tx_Service170
  L___Lib_USB_genHID_USB_CtrlTrf_Tx_Service171
  L___Lib_USB_genHID_USB_CtrlTrf_Tx_Service172
  L___Lib_USB_genHID_USB_CtrlTrf_Tx_Service173
  L___Lib_USB_genHID_USB_CtrlTrf_Tx_Service174
  L___Lib_USB_genHID_USB_CtrlTrf_Tx_Service175
  L___Lib_USB_genHID_USB_CtrlTrf_Tx_Service176
  L___Lib_USB_genHID_USB_CtrlTrf_Tx_Service177
  L___Lib_USB_genHID_USB_CtrlTrf_Rx_Service178
  L___Lib_USB_genHID_USB_CtrlTrf_Rx_Service179
  L___Lib_USB_genHID_USB_CtrlTrf_Rx_Service180
  L___Lib_USB_genHID_USB_CtrlTrf_Rx_Service181
  L___Lib_USB_genHID_USB_CtrlTrf_Rx_Service182
  L___Lib_USB_genHID_USB_CtrlTrf_Rx_Service183
  L___Lib_USB_genHID_USB_CtrlTrf_Rx_Service184
  L___Lib_USB_genHID_USB_CtrlTrf_Rx_Service185
  L___Lib_USB_genHID_USB_CtrlTrf_Rx_Service186
  L___Lib_USB_genHID_USB_Set_Cfg_Handler187
  L___Lib_USB_genHID_USB_Set_Cfg_Handler188
  L___Lib_USB_genHID_USB_Configure_Endpoint189
  L___Lib_USB_genHID_USB_Configure_Endpoint190
  L___Lib_USB_genHID_USB_Enable_Endpoint191
  L___Lib_USB_genHID_USB_Enable_Endpoint192
  L___Lib_USB_genHID_USB_Transfer_Packet193
  L___Lib_USB_genHID_USB_Transfer_Packet194
  L___Lib_USB_genHID_USB_Transfer_Packet195
  L___Lib_USB_genHID_USB_Transfer_Packet196
  L___Lib_USB_genHID_USB_Transfer_Packet_Int197
  L___Lib_USB_genHID_USB_Transfer_Packet_Int198
  L___Lib_USB_genHID_USB_Transfer_Packet_Int199
  L___Lib_USB_genHID_USB_Transfer_Packet_Int200
  L___Lib_USB_genHID_USB_Detach_Device201
  L___Lib_USB_genHID_USB_Attach_Device202
  L___Lib_USB_genHID_USB_Attach_Device203
  L___Lib_USB_genHID_USB_Attach_Device204
  L___Lib_USB_genHID_USB_Check_HID_Request205
  L___Lib_USB_genHID_USB_Check_HID_Request206
  L___Lib_USB_genHID_USB_Check_HID_Request207
  L___Lib_USB_genHID_USB_Check_HID_Request208
  L___Lib_USB_genHID_USB_Check_HID_Request209
  L___Lib_USB_genHID_USB_Check_HID_Request210
  L___Lib_USB_genHID_USB_Check_HID_Request211
  L___Lib_USB_genHID_USB_Check_HID_Request212
  L___Lib_USB_genHID_USB_Check_HID_Request213
  L___Lib_USB_genHID_USB_Check_HID_Request214
  L___Lib_USB_genHID_USB_Check_HID_Request215
  L___Lib_USB_genHID_USB_Check_HID_Request216
  L___Lib_USB_genHID_USB_Check_HID_Request217
  L___Lib_USB_genHID_USB_Check_HID_Request218
  L___Lib_USB_genHID_USB_Check_HID_Request219
  L___Lib_USB_genHID_USB_Check_HID_Request220
  L___Lib_USB_genHID_USB_Check_HID_Request221
  L___Lib_USB_genHID_USB_Check_HID_Request222
  L___Lib_USB_genHID_USB_Check_HID_Request223
  L___Lib_USB_genHID_USB_CB_Check_Other_Req224
  L___Lib_USB_genHID_USB_CB_Init_EP225
  L___Lib_USB_genHID_USB_CB_Init_EP226
  L___Lib_USB_genHID_USB_CB_Handler227
  L___Lib_USB_genHID_USB_CB_Handler228
  L___Lib_USB_genHID_USB_CB_Handler229
  L___Lib_USB_genHID_USB_CB_Handler230
  L___Lib_USB_genHID_USB_CB_Handler231
  L___Lib_USB_genHID_USB_CB_Handler232
  L___Lib_USB_genHID_USB_CB_Handler233
  L___Lib_USB_genHID_USB_CB_Handler234
  L___Lib_USB_genHID_USB_CB_Handler235
  L___Lib_USB_genHID_USB_CB_Handler236
  L___Lib_USB_genHID_USB_CB_Handler237
  L_Gen_Enable238
  L_Gen_Read239
  L_Gen_Read240
  L_Gen_Read241
  L_Gen_Read242
  L_Gen_Read243
  L_Gen_Write244
  L_Gen_Write245
  L_Gen_Write246
  L_Gen_Write247
  L_Gen_Write248
  L_Gen_Write249
  L_Gen_Write250
  L_Gen_Write251
  L_HID_Enable252
  L___Lib_USB_genHID_GetMaxIndexInDevDsc253
  L___Lib_USB_genHID_GetMaxIndexInDevDsc254
  L___Lib_USB_genHID_GetMaxIndexInConfigDsc255
  L___Lib_USB_genHID_GetMaxIndexInConfigDsc256
  L___Lib_USB_genHID_GetMaxIndexInConfigDsc257
  L___Lib_USB_genHID_GetMaxIndexInConfigDsc258
  L___Lib_USB_genHID_GetMaxIndexInConfigDsc259
  L___Lib_USB_genHID_GetMaxIndexInConfigDsc260
  L___Lib_USB_genHID_GetMaxIndexInConfigDsc261
  L___Lib_USB_genHID_GetMaxStrignDscIndex262
  L___Lib_USB_genHID_GetMaxStrignDscIndex263
  L__USB_Polling_Proc264
  L__USB_Polling_Proc265
  L__USB_Polling_Proc266
  L__USB_Polling_Proc267
  L__USB_Polling_Proc268
  L__USB_Polling_Proc269
  L__USB_Interrupt_Proc270
  L__USB_Interrupt_Proc271
  L__USB_Interrupt_Proc272
  L__USB_Interrupt_Proc273
  L__USB_Interrupt_Proc274
  L__USB_Interrupt_Proc275
  L___Lib_USB_genHID_USB_Stall_Handler276
  L___Lib_USB_genHID_USB_Std_Feature_Req_Handler277
  L___Lib_USB_genHID_USB_Std_Feature_Req_Handler278
  L__Gen_Read279
  L__Gen_Write280
  L_end_USB_Break
  _USB_Break
  L_end_memset_usb
  __Lib_USB_genHID_memset_usb
  L_end_memset_usb_int
  __Lib_USB_genHID_memset_usb_int
  L_end_USB_Disable_Module
  __Lib_USB_genHID_USB_Disable_Module
  L_end_USB_Enable_Interrupts
  __Lib_USB_genHID_USB_Enable_Interrupts
  L_end_USB_Clear_Interrupt
  __Lib_USB_genHID_USB_Clear_Interrupt
  L_end_USB_Configure
  __Lib_USB_genHID_USB_Configure
  L_end_USB_EP0_Transmit_Options
  __Lib_USB_genHID_USB_EP0_Transmit_Options
  L_end_USB_EP0_Send_RAM
  __Lib_USB_genHID_USB_EP0_Send_RAM
  L_end_USB_EP0_Send_ROM
  __Lib_USB_genHID_USB_EP0_Send_ROM
  L_end_USB_Handle_Busy
  __Lib_USB_genHID_USB_Handle_Busy
  L___Lib_USB_genHID_USB_Handle_Busy292
  L_end_USB_Device_Init
  __Lib_USB_genHID_USB_Device_Init
  L_end_USB_Device_Init_Int
  __Lib_USB_genHID_USB_Device_Init_Int
  L_end_USB_Polling_Proc
  _USB_Polling_Proc
  L_end_USB_Interrupt_Proc
  _USB_Interrupt_Proc
  L_end_USB_Stall_Handler
  __Lib_USB_genHID_USB_Stall_Handler
  L_end_USB_Suspend
  __Lib_USB_genHID_USB_Suspend
  L_end_USB_Wake_From_Suspend
  __Lib_USB_genHID_USB_Wake_From_Suspend
  L_end_USB_Ctrl_EPService
  __Lib_USB_genHID_USB_Ctrl_EPService
  L___Lib_USB_genHID_USB_Ctrl_EPService301
  L___Lib_USB_genHID_USB_Ctrl_EPService302
  L___Lib_USB_genHID_USB_Ctrl_EPService303
  L_end_USB_CtrlTrf_Setup_Handler
  __Lib_USB_genHID_USB_CtrlTrf_Setup_Handler
  L_end_USB_CtrlTrf_Out_Handler
  __Lib_USB_genHID_USB_CtrlTrf_Out_Handler
  L_end_USB_CtrlTrf_In_Handler
  __Lib_USB_genHID_USB_CtrlTrf_In_Handler
  L_end_USB_Prepare_Next_Setup_Trf
  __Lib_USB_genHID_USB_Prepare_Next_Setup_Trf
  L_end_USB_Check_Std_Request
  __Lib_USB_genHID_USB_Check_Std_Request
  L___Lib_USB_genHID_USB_Check_Std_Request309
  L___Lib_USB_genHID_USB_Check_Std_Request310
  L_end_USB_Std_Feature_Req_Handler
  __Lib_USB_genHID_USB_Std_Feature_Req_Handler
  L_end_USB_Get_Dsc_Handler
  __Lib_USB_genHID_USB_Get_Dsc_Handler
  L_end_USB_Get_Status_Handler
  __Lib_USB_genHID_USB_Get_Status_Handler
  L_end_USB_CtrlEP_Service_Complete
  __Lib_USB_genHID_USB_CtrlEP_Service_Complete
  L___Lib_USB_genHID_USB_CtrlEP_Service_Complete315
  L_end_USB_CtrlTrf_Tx_Service
  __Lib_USB_genHID_USB_CtrlTrf_Tx_Service
  L___Lib_USB_genHID_USB_CtrlTrf_Tx_Service317
  L_end_USB_CtrlTrf_Rx_Service
  __Lib_USB_genHID_USB_CtrlTrf_Rx_Service
  L___Lib_USB_genHID_USB_CtrlTrf_Rx_Service319
  L___Lib_USB_genHID_USB_CtrlTrf_Rx_Service320
  L_end_USB_Set_Cfg_Handler
  __Lib_USB_genHID_USB_Set_Cfg_Handler
  L_end_USB_Configure_Endpoint
  __Lib_USB_genHID_USB_Configure_Endpoint
  L_end_USB_Enable_Endpoint
  __Lib_USB_genHID_USB_Enable_Endpoint
  L_end_USB_Transfer_Packet
  __Lib_USB_genHID_USB_Transfer_Packet
  L_end_USB_Transfer_Packet_Int
  __Lib_USB_genHID_USB_Transfer_Packet_Int
  L_end_USB_Detach_Device
  __Lib_USB_genHID_USB_Detach_Device
  L_end_USB_Attach_Device
  __Lib_USB_genHID_USB_Attach_Device
  L_end_USB_Check_HID_Request
  __Lib_USB_genHID_USB_Check_HID_Request
  L___Lib_USB_genHID_USB_Check_HID_Request329
  L___Lib_USB_genHID_USB_Check_HID_Request330
  L_end_USB_CB_Check_Other_Req
  __Lib_USB_genHID_USB_CB_Check_Other_Req
  L_end_USB_CB_Init_EP
  __Lib_USB_genHID_USB_CB_Init_EP
  L_end_USB_CB_Handler
  __Lib_USB_genHID_USB_CB_Handler
  L___Lib_USB_genHID_USB_CB_Handler334
  L___Lib_USB_genHID_USB_CB_Handler335
  L___Lib_USB_genHID_USB_CB_Handler336
  L___Lib_USB_genHID_USB_CB_Handler337
  L___Lib_USB_genHID_USB_CB_Handler338
  L___Lib_USB_genHID_USB_CB_Handler339
  L___Lib_USB_genHID_USB_CB_Handler340
  L___Lib_USB_genHID_USB_CB_Handler341
  L_end_Gen_Enable
  _Gen_Enable
  L_end_Gen_Read
  _Gen_Read
  L_end_Gen_Write
  _Gen_Write
  L_end_HID_Enable
  _HID_Enable
  L_end_HID_Read
  _HID_Read
  L_end_HID_Write
  _HID_Write
  L_end_HID_Disable
  _HID_Disable
  L_end_GetMaxIndexInDevDsc
  __Lib_USB_genHID_GetMaxIndexInDevDsc
  L_end_GetMaxIndexInConfigDsc
  __Lib_USB_genHID_GetMaxIndexInConfigDsc
  L___Lib_USB_genHID_GetMaxIndexInConfigDsc351
  L_end_GetMaxStrignDscIndex
  __Lib_USB_genHID_GetMaxStrignDscIndex
